Using pre-set license
Built from '2020.3/staging' branch; Version is '2020.3.3f1 (76626098c1c4) revision 7758432'; Using compiler version '192528614'; Build Type 'Release'
OS: 'Windows 10 Pro; OS build 19042.867; Version 2009; 64bit' Language: 'ru' Physical Memory: 16171 MB
BatchMode: 1, IsHumanControllingUs: 0, StartBugReporterOnCrash: 0, Is64bit: 1, IsPro: 0

 COMMAND LINE ARGUMENTS:
E:\Programms\2020.3.3f1\Editor\Unity.exe
-adb2
-batchMode
-noUpm
-name
AssetImportWorker0
-projectPath
C:/Users/User/Desktop/Crown_Run-main
-logFile
Logs/AssetImportWorker0.log
-srvPort
59626
Successfully changed project path to: C:/Users/User/Desktop/Crown_Run-main
C:/Users/User/Desktop/Crown_Run-main
Using Asset Import Pipeline V2.
Refreshing native plugins compatible for Editor in 72.53 ms, found 3 plugins.
Preloading 0 native plugins for Editor in 0.00 ms.
Initialize engine version: 2020.3.3f1 (76626098c1c4)
[Subsystems] Discovering subsystems at path E:/Programms/2020.3.3f1/Editor/Data/Resources/UnitySubsystems
[Subsystems] Discovering subsystems at path C:/Users/User/Desktop/Crown_Run-main/Assets
GfxDevice: creating device client; threaded=0
Direct3D:
    Version:  Direct3D 11.0 [level 11.1]
    Renderer: NVIDIA GeForce GTX 1650 Ti (ID=0x1f95)
    Vendor:   
    VRAM:     3962 MB
    Driver:   27.21.14.5763
Initialize mono
Mono path[0] = 'E:/Programms/2020.3.3f1/Editor/Data/Managed'
Mono path[1] = 'E:/Programms/2020.3.3f1/Editor/Data/MonoBleedingEdge/lib/mono/unityjit'
Mono config path = 'E:/Programms/2020.3.3f1/Editor/Data/MonoBleedingEdge/etc'
Using monoOptions --debugger-agent=transport=dt_socket,embedding=1,server=y,suspend=n,address=127.0.0.1:56504
Begin MonoManager ReloadAssembly
Registering precompiled unity dll's ...
Register platform support module: E:/Programms/2020.3.3f1/Editor/Data/PlaybackEngines/WindowsStandaloneSupport/UnityEditor.WindowsStandalone.Extensions.dll
Registered in 0.001182 seconds.
Native extension for WindowsStandalone target not found
Refreshing native plugins compatible for Editor in 62.62 ms, found 3 plugins.
Preloading 0 native plugins for Editor in 0.00 ms.
Invoked RoslynAnalysisRunner static constructor.
RoslynAnalysisRunner will not be running.
RoslynAnalysisRunner has terminated.
Mono: successfully reloaded assembly
- Completed reload, in  2.031 seconds
Platform modules already initialized, skipping
Registering precompiled user dll's ...
Registered in 0.008929 seconds.
Begin MonoManager ReloadAssembly
Native extension for WindowsStandalone target not found
Refreshing native plugins compatible for Editor in 62.66 ms, found 3 plugins.
Preloading 0 native plugins for Editor in 0.00 ms.
Invoked RoslynAnalysisRunner static constructor.
RoslynAnalysisRunner will not be running.
RoslynAnalysisRunner has terminated.
Mono: successfully reloaded assembly
- Completed reload, in  1.608 seconds
Platform modules already initialized, skipping
========================================================================
Worker process is ready to serve import requests
Launched and connected shader compiler UnityShaderCompiler.exe after 0.07 seconds
Refreshing native plugins compatible for Editor in 0.96 ms, found 3 plugins.
Preloading 0 native plugins for Editor in 0.00 ms.
Unloading 1854 Unused Serialized files (Serialized files now loaded: 0)
System memory in use before: 88.3 MB.
System memory in use after: 88.2 MB.

Unloading 41 unused Assets to reduce memory usage. Loaded Objects now: 2323.
Total: 4.824100 ms (FindLiveObjects: 0.457000 ms CreateObjectMapping: 0.325900 ms MarkObjects: 3.765700 ms  DeleteObjects: 0.273400 ms)

========================================================================
Received Import Request.
  path: Assets/Prefabs/Hero1.prefab
  artifactKey: Guid(d7956bb3049c1434d8baf40cfa15f13c) Importer(815301076,1909f56bfc062723c751e8b465ee728b)
Start importing Assets/Prefabs/Hero1.prefab using Guid(d7956bb3049c1434d8baf40cfa15f13c) Importer(815301076,1909f56bfc062723c751e8b465ee728b)  -> (artifact id: 'edd97743b1993b525f6a10a3fba24e8b') in 0.183649 seconds
  Import took 0.188111 seconds .

========================================================================
Received Import Request.
  Time since last request: 1.523566 seconds.
  path: Assets/Prefabs/Hero1.prefab
  artifactKey: Guid(d7956bb3049c1434d8baf40cfa15f13c) Importer(815301076,1909f56bfc062723c751e8b465ee728b)
Start importing Assets/Prefabs/Hero1.prefab using Guid(d7956bb3049c1434d8baf40cfa15f13c) Importer(815301076,1909f56bfc062723c751e8b465ee728b)  -> (artifact id: 'a3d59b084d2f96a9984970f1b76ba181') in 0.034869 seconds
  Import took 0.039850 seconds .

========================================================================
Received Import Request.
  Time since last request: 289.185028 seconds.
  path: Assets/Prefabs/Hero1.prefab
  artifactKey: Guid(d7956bb3049c1434d8baf40cfa15f13c) Importer(815301076,1909f56bfc062723c751e8b465ee728b)
Start importing Assets/Prefabs/Hero1.prefab using Guid(d7956bb3049c1434d8baf40cfa15f13c) Importer(815301076,1909f56bfc062723c751e8b465ee728b)  -> (artifact id: '7d586f37ff85cf77f399c09a4c4b010a') in 0.054833 seconds
  Import took 0.070041 seconds .

========================================================================
Received Import Request.
  Time since last request: 0.015950 seconds.
  path: Assets/Prefabs/Hero1.prefab
  artifactKey: Guid(d7956bb3049c1434d8baf40cfa15f13c) Importer(815301076,1909f56bfc062723c751e8b465ee728b)
Start importing Assets/Prefabs/Hero1.prefab using Guid(d7956bb3049c1434d8baf40cfa15f13c) Importer(815301076,1909f56bfc062723c751e8b465ee728b)  -> (artifact id: '7d586f37ff85cf77f399c09a4c4b010a') in 0.028503 seconds
  Import took 0.034199 seconds .

========================================================================
Received Import Request.
  Time since last request: 91.792719 seconds.
  path: Assets/Prefabs/tisch.prefab
  artifactKey: Guid(cccddd91d0f2d0645b9a3a10b95f0ee6) Importer(815301076,1909f56bfc062723c751e8b465ee728b)
Start importing Assets/Prefabs/tisch.prefab using Guid(cccddd91d0f2d0645b9a3a10b95f0ee6) Importer(815301076,1909f56bfc062723c751e8b465ee728b)  -> (artifact id: '5f928c08c8bf04e27612daca9ab57340') in 0.010233 seconds
  Import took 0.013673 seconds .

========================================================================
Received Import Request.
  Time since last request: 0.004796 seconds.
  path: Assets/Prefabs/tisch.prefab
  artifactKey: Guid(cccddd91d0f2d0645b9a3a10b95f0ee6) Importer(815301076,1909f56bfc062723c751e8b465ee728b)
Start importing Assets/Prefabs/tisch.prefab using Guid(cccddd91d0f2d0645b9a3a10b95f0ee6) Importer(815301076,1909f56bfc062723c751e8b465ee728b)  -> (artifact id: '5f928c08c8bf04e27612daca9ab57340') in 0.009361 seconds
  Import took 0.013806 seconds .

========================================================================
Received Import Request.
  Time since last request: 9.553526 seconds.
  path: Assets/Scenes/TestMap.unity
  artifactKey: Guid(2cda990e2423bbf4892e6590ba056729) Importer(815301076,1909f56bfc062723c751e8b465ee728b)
Start importing Assets/Scenes/TestMap.unity using Guid(2cda990e2423bbf4892e6590ba056729) Importer(815301076,1909f56bfc062723c751e8b465ee728b)  -> (artifact id: 'e72228b63ad6aa32049816e46aedabec') in 0.004703 seconds
  Import took 0.011482 seconds .

========================================================================
Received Import Request.
  Time since last request: 12.489497 seconds.
  path: Assets/Scenes/tisch.prefab
  artifactKey: Guid(58879a7dd568dd24599285c7ffbb8562) Importer(815301076,1909f56bfc062723c751e8b465ee728b)
Start importing Assets/Scenes/tisch.prefab using Guid(58879a7dd568dd24599285c7ffbb8562) Importer(815301076,1909f56bfc062723c751e8b465ee728b)  -> (artifact id: '37301bef37315579580457f5ce563f8f') in 0.009862 seconds
  Import took 0.013945 seconds .

========================================================================
Received Import Request.
  Time since last request: 0.005930 seconds.
  path: Assets/Scenes/tisch.prefab
  artifactKey: Guid(58879a7dd568dd24599285c7ffbb8562) Importer(815301076,1909f56bfc062723c751e8b465ee728b)
Start importing Assets/Scenes/tisch.prefab using Guid(58879a7dd568dd24599285c7ffbb8562) Importer(815301076,1909f56bfc062723c751e8b465ee728b)  -> (artifact id: '37301bef37315579580457f5ce563f8f') in 0.007338 seconds
  Import took 0.010754 seconds .

========================================================================
Received Import Request.
  Time since last request: 32.603967 seconds.
  path: Assets/Scenes/tisch.prefab
  artifactKey: Guid(58879a7dd568dd24599285c7ffbb8562) Importer(815301076,1909f56bfc062723c751e8b465ee728b)
Start importing Assets/Scenes/tisch.prefab using Guid(58879a7dd568dd24599285c7ffbb8562) Importer(815301076,1909f56bfc062723c751e8b465ee728b)  -> (artifact id: '2fc1ff9b4434190194214a78164555db') in 0.013941 seconds
  Import took 0.020530 seconds .

========================================================================
Received Import Request.
  Time since last request: 1.510816 seconds.
  path: Assets/Scenes/tisch.prefab
  artifactKey: Guid(58879a7dd568dd24599285c7ffbb8562) Importer(815301076,1909f56bfc062723c751e8b465ee728b)
Start importing Assets/Scenes/tisch.prefab using Guid(58879a7dd568dd24599285c7ffbb8562) Importer(815301076,1909f56bfc062723c751e8b465ee728b)  -> (artifact id: '6fa3f593a85310ed7f9de7cb55f2bf57') in 0.009962 seconds
  Import took 0.014477 seconds .

========================================================================
Received Import Request.
  Time since last request: 0.017985 seconds.
  path: Assets/Scenes/tisch.prefab
  artifactKey: Guid(58879a7dd568dd24599285c7ffbb8562) Importer(815301076,1909f56bfc062723c751e8b465ee728b)
Start importing Assets/Scenes/tisch.prefab using Guid(58879a7dd568dd24599285c7ffbb8562) Importer(815301076,1909f56bfc062723c751e8b465ee728b)  -> (artifact id: '6fa3f593a85310ed7f9de7cb55f2bf57') in 0.011761 seconds
  Import took 0.016621 seconds .

========================================================================
Received Import Request.
  Time since last request: 1.336103 seconds.
  path: Assets/Scenes/tisch.prefab
  artifactKey: Guid(58879a7dd568dd24599285c7ffbb8562) Importer(815301076,1909f56bfc062723c751e8b465ee728b)
Start importing Assets/Scenes/tisch.prefab using Guid(58879a7dd568dd24599285c7ffbb8562) Importer(815301076,1909f56bfc062723c751e8b465ee728b)  -> (artifact id: '50c9b2e0ac7136857fa1e1b81d912a82') in 0.008311 seconds
  Import took 0.011979 seconds .

========================================================================
Received Import Request.
  Time since last request: 0.016825 seconds.
  path: Assets/Scenes/tisch.prefab
  artifactKey: Guid(58879a7dd568dd24599285c7ffbb8562) Importer(815301076,1909f56bfc062723c751e8b465ee728b)
Start importing Assets/Scenes/tisch.prefab using Guid(58879a7dd568dd24599285c7ffbb8562) Importer(815301076,1909f56bfc062723c751e8b465ee728b)  -> (artifact id: '50c9b2e0ac7136857fa1e1b81d912a82') in 0.008940 seconds
  Import took 0.014024 seconds .

========================================================================
Received Import Request.
  Time since last request: 2.135331 seconds.
  path: Assets/Scenes/tisch.prefab
  artifactKey: Guid(58879a7dd568dd24599285c7ffbb8562) Importer(815301076,1909f56bfc062723c751e8b465ee728b)
Start importing Assets/Scenes/tisch.prefab using Guid(58879a7dd568dd24599285c7ffbb8562) Importer(815301076,1909f56bfc062723c751e8b465ee728b)  -> (artifact id: '02d9f04eecf36660792c2ded58ddd83d') in 0.019780 seconds
  Import took 0.027952 seconds .

========================================================================
Received Import Request.
  Time since last request: 0.031032 seconds.
  path: Assets/Scenes/tisch.prefab
  artifactKey: Guid(58879a7dd568dd24599285c7ffbb8562) Importer(815301076,1909f56bfc062723c751e8b465ee728b)
Start importing Assets/Scenes/tisch.prefab using Guid(58879a7dd568dd24599285c7ffbb8562) Importer(815301076,1909f56bfc062723c751e8b465ee728b)  -> (artifact id: '02d9f04eecf36660792c2ded58ddd83d') in 0.016503 seconds
  Import took 0.026037 seconds .

========================================================================
Received Import Request.
  Time since last request: 2.301238 seconds.
  path: Assets/Scenes/tisch.prefab
  artifactKey: Guid(58879a7dd568dd24599285c7ffbb8562) Importer(815301076,1909f56bfc062723c751e8b465ee728b)
Start importing Assets/Scenes/tisch.prefab using Guid(58879a7dd568dd24599285c7ffbb8562) Importer(815301076,1909f56bfc062723c751e8b465ee728b)  -> (artifact id: '31f47bae077b274908b20261f71d715e') in 0.009987 seconds
  Import took 0.015278 seconds .

========================================================================
Received Import Request.
  Time since last request: 0.000866 seconds.
  path: Assets/Scenes/tisch.prefab
  artifactKey: Guid(58879a7dd568dd24599285c7ffbb8562) Importer(815301076,1909f56bfc062723c751e8b465ee728b)
Start importing Assets/Scenes/tisch.prefab using Guid(58879a7dd568dd24599285c7ffbb8562) Importer(815301076,1909f56bfc062723c751e8b465ee728b)  -> (artifact id: '31f47bae077b274908b20261f71d715e') in 0.010601 seconds
  Import took 0.015662 seconds .

========================================================================
Received Import Request.
  Time since last request: 16.359400 seconds.
  path: Assets/Scenes/tisch.prefab
  artifactKey: Guid(58879a7dd568dd24599285c7ffbb8562) Importer(815301076,1909f56bfc062723c751e8b465ee728b)
Start importing Assets/Scenes/tisch.prefab using Guid(58879a7dd568dd24599285c7ffbb8562) Importer(815301076,1909f56bfc062723c751e8b465ee728b)  -> (artifact id: 'ddb898226b88cc4b00e53ef214b229cd') in 0.009014 seconds
  Import took 0.012896 seconds .

========================================================================
Received Import Request.
  Time since last request: 0.014945 seconds.
  path: Assets/Scenes/tisch.prefab
  artifactKey: Guid(58879a7dd568dd24599285c7ffbb8562) Importer(815301076,1909f56bfc062723c751e8b465ee728b)
Start importing Assets/Scenes/tisch.prefab using Guid(58879a7dd568dd24599285c7ffbb8562) Importer(815301076,1909f56bfc062723c751e8b465ee728b)  -> (artifact id: 'ddb898226b88cc4b00e53ef214b229cd') in 0.009619 seconds
  Import took 0.013637 seconds .

========================================================================
Received Import Request.
  Time since last request: 47.402761 seconds.
  path: Assets/Scripts/ButtonSysthem.cs
  artifactKey: Guid(31e209dcff5cfde4fabad34ad87fd410) Importer(815301076,1909f56bfc062723c751e8b465ee728b)
Start importing Assets/Scripts/ButtonSysthem.cs using Guid(31e209dcff5cfde4fabad34ad87fd410) Importer(815301076,1909f56bfc062723c751e8b465ee728b)  -> (artifact id: '9c2ed132581ea459329d86cd33076c03') in 0.016504 seconds
  Import took 0.023548 seconds .

========================================================================
Received Import Request.
  Time since last request: 19.071533 seconds.
  path: Assets/Scripts/Runes/Boost.cs
  artifactKey: Guid(c3c8b334453d1a1468ea35b5c9e7f9f7) Importer(815301076,1909f56bfc062723c751e8b465ee728b)
Start importing Assets/Scripts/Runes/Boost.cs using Guid(c3c8b334453d1a1468ea35b5c9e7f9f7) Importer(815301076,1909f56bfc062723c751e8b465ee728b)  -> (artifact id: 'acf038f4d66b121a3aae3c2dcba67f54') in 0.003028 seconds
  Import took 0.007682 seconds .

========================================================================
Received Import Request.
  Time since last request: 1.140921 seconds.
  path: Assets/Scripts/Runes/Boost1.cs
  artifactKey: Guid(de7273719cf66824d9109c3da33eb1d8) Importer(815301076,1909f56bfc062723c751e8b465ee728b)
Start importing Assets/Scripts/Runes/Boost1.cs using Guid(de7273719cf66824d9109c3da33eb1d8) Importer(815301076,1909f56bfc062723c751e8b465ee728b)  -> (artifact id: '351e0c41b6d2ae3000baf69e5da17aa0') in 0.006488 seconds
  Import took 0.014975 seconds .

========================================================================
Received Import Request.
  Time since last request: 0.001566 seconds.
  path: Assets/Scripts/Runes/Boost1.cs
  artifactKey: Guid(de7273719cf66824d9109c3da33eb1d8) Importer(815301076,1909f56bfc062723c751e8b465ee728b)
Start importing Assets/Scripts/Runes/Boost1.cs using Guid(de7273719cf66824d9109c3da33eb1d8) Importer(815301076,1909f56bfc062723c751e8b465ee728b)  -> (artifact id: '351e0c41b6d2ae3000baf69e5da17aa0') in 0.003044 seconds
  Import took 0.008651 seconds .

========================================================================
Received Import Request.
  Time since last request: 12.147214 seconds.
  path: Assets/Scripts/Runes/Boost.cs
  artifactKey: Guid(de7273719cf66824d9109c3da33eb1d8) Importer(815301076,1909f56bfc062723c751e8b465ee728b)
Start importing Assets/Scripts/Runes/Boost.cs using Guid(de7273719cf66824d9109c3da33eb1d8) Importer(815301076,1909f56bfc062723c751e8b465ee728b)  -> (artifact id: 'dbd73301243c8297e20405a8eb9cda08') in 0.002700 seconds
  Import took 0.007189 seconds .

========================================================================
Received Prepare
Registering precompiled user dll's ...
Registered in 0.007281 seconds.
Begin MonoManager ReloadAssembly
Native extension for WindowsStandalone target not found
Refreshing native plugins compatible for Editor in 1.01 ms, found 3 plugins.
Preloading 0 native plugins for Editor in 0.00 ms.
Invoked RoslynAnalysisRunner static constructor.
RoslynAnalysisRunner will not be running.
RoslynAnalysisRunner has terminated.
Mono: successfully reloaded assembly
- Completed reload, in  1.132 seconds
Platform modules already initialized, skipping
Refreshing native plugins compatible for Editor in 0.55 ms, found 3 plugins.
Preloading 0 native plugins for Editor in 0.00 ms.
Unloading 1837 Unused Serialized files (Serialized files now loaded: 0)
System memory in use before: 90.1 MB.
System memory in use after: 90.1 MB.

Unloading 31 unused Assets to reduce memory usage. Loaded Objects now: 2335.
Total: 2.146300 ms (FindLiveObjects: 0.249000 ms CreateObjectMapping: 0.101100 ms MarkObjects: 1.681500 ms  DeleteObjects: 0.113800 ms)

========================================================================
Received Import Request.
  Time since last request: 41.002585 seconds.
  path: Assets/Scripts/Hero1.cs
  artifactKey: Guid(df77fa256c0dd4d449b77df8bedb7ce5) Importer(815301076,1909f56bfc062723c751e8b465ee728b)
Start importing Assets/Scripts/Hero1.cs using Guid(df77fa256c0dd4d449b77df8bedb7ce5) Importer(815301076,1909f56bfc062723c751e8b465ee728b)  -> (artifact id: 'abbc57648eece86b45f53f9d70a98dd6') in 0.004651 seconds
  Import took 0.007902 seconds .

========================================================================
Received Import Request.
  Time since last request: 2.654668 seconds.
  path: Assets/Scripts/Hero.cs
  artifactKey: Guid(df77fa256c0dd4d449b77df8bedb7ce5) Importer(815301076,1909f56bfc062723c751e8b465ee728b)
Start importing Assets/Scripts/Hero.cs using Guid(df77fa256c0dd4d449b77df8bedb7ce5) Importer(815301076,1909f56bfc062723c751e8b465ee728b)  -> (artifact id: 'dbf43dfcafa4b9f01711314eb50ed074') in 0.003165 seconds
  Import took 0.007901 seconds .

========================================================================
Received Prepare
Registering precompiled user dll's ...
Registered in 0.006297 seconds.
Begin MonoManager ReloadAssembly
Native extension for WindowsStandalone target not found
Refreshing native plugins compatible for Editor in 1.03 ms, found 3 plugins.
Preloading 0 native plugins for Editor in 0.00 ms.
Invoked RoslynAnalysisRunner static constructor.
RoslynAnalysisRunner will not be running.
RoslynAnalysisRunner has terminated.
Mono: successfully reloaded assembly
- Completed reload, in  1.084 seconds
Platform modules already initialized, skipping
Refreshing native plugins compatible for Editor in 0.68 ms, found 3 plugins.
Preloading 0 native plugins for Editor in 0.00 ms.
Unloading 1837 Unused Serialized files (Serialized files now loaded: 0)
System memory in use before: 90.1 MB.
System memory in use after: 90.1 MB.

Unloading 29 unused Assets to reduce memory usage. Loaded Objects now: 2339.
Total: 2.327700 ms (FindLiveObjects: 0.228800 ms CreateObjectMapping: 0.091600 ms MarkObjects: 1.879500 ms  DeleteObjects: 0.126000 ms)

========================================================================
Received Prepare
Registering precompiled user dll's ...
Registered in 0.006737 seconds.
Begin MonoManager ReloadAssembly
Native extension for WindowsStandalone target not found
Refreshing native plugins compatible for Editor in 0.74 ms, found 3 plugins.
Preloading 0 native plugins for Editor in 0.00 ms.
Invoked RoslynAnalysisRunner static constructor.
RoslynAnalysisRunner will not be running.
RoslynAnalysisRunner has terminated.
Mono: successfully reloaded assembly
- Completed reload, in  1.381 seconds
Platform modules already initialized, skipping
Refreshing native plugins compatible for Editor in 0.76 ms, found 3 plugins.
Preloading 0 native plugins for Editor in 0.00 ms.
Unloading 1837 Unused Serialized files (Serialized files now loaded: 0)
System memory in use before: 90.2 MB.
System memory in use after: 90.1 MB.

Unloading 29 unused Assets to reduce memory usage. Loaded Objects now: 2343.
Total: 3.293400 ms (FindLiveObjects: 0.362500 ms CreateObjectMapping: 0.200100 ms MarkObjects: 2.572800 ms  DeleteObjects: 0.156400 ms)

========================================================================
Received Prepare
Registering precompiled user dll's ...
Registered in 0.007808 seconds.
Begin MonoManager ReloadAssembly
Native extension for WindowsStandalone target not found
Refreshing native plugins compatible for Editor in 0.83 ms, found 3 plugins.
Preloading 0 native plugins for Editor in 0.00 ms.
Invoked RoslynAnalysisRunner static constructor.
RoslynAnalysisRunner will not be running.
RoslynAnalysisRunner has terminated.
Mono: successfully reloaded assembly
- Completed reload, in  1.334 seconds
Platform modules already initialized, skipping
Refreshing native plugins compatible for Editor in 0.71 ms, found 3 plugins.
Preloading 0 native plugins for Editor in 0.00 ms.
Unloading 1837 Unused Serialized files (Serialized files now loaded: 0)
System memory in use before: 90.2 MB.
System memory in use after: 90.2 MB.

Unloading 29 unused Assets to reduce memory usage. Loaded Objects now: 2347.
Total: 2.488900 ms (FindLiveObjects: 0.287400 ms CreateObjectMapping: 0.159400 ms MarkObjects: 1.915800 ms  DeleteObjects: 0.125200 ms)

========================================================================
Received Import Request.
  Time since last request: 53.899163 seconds.
  path: Assets/Prefabs/boostrune.prefab
  artifactKey: Guid(e7d83288b6049a44f93dcc21b52e4b94) Importer(815301076,1909f56bfc062723c751e8b465ee728b)
Start importing Assets/Prefabs/boostrune.prefab using Guid(e7d83288b6049a44f93dcc21b52e4b94) Importer(815301076,1909f56bfc062723c751e8b465ee728b)  -> (artifact id: '69120a89dc95b44659727b5ce9527cc2') in 0.085390 seconds
  Import took 0.093417 seconds .

========================================================================
Received Import Request.
  Time since last request: 0.000234 seconds.
  path: Assets/Prefabs/Hero1.prefab
  artifactKey: Guid(d7956bb3049c1434d8baf40cfa15f13c) Importer(815301076,1909f56bfc062723c751e8b465ee728b)
Start importing Assets/Prefabs/Hero1.prefab using Guid(d7956bb3049c1434d8baf40cfa15f13c) Importer(815301076,1909f56bfc062723c751e8b465ee728b)  -> (artifact id: '011338bf098262e3e77ba28064e3ad3b') in 0.020022 seconds
  Import took 0.025072 seconds .

========================================================================
Received Import Request.
  Time since last request: 61.408908 seconds.
  path: Assets/Prefabs/Hero1.prefab
  artifactKey: Guid(d7956bb3049c1434d8baf40cfa15f13c) Importer(815301076,1909f56bfc062723c751e8b465ee728b)
Start importing Assets/Prefabs/Hero1.prefab using Guid(d7956bb3049c1434d8baf40cfa15f13c) Importer(815301076,1909f56bfc062723c751e8b465ee728b)  -> (artifact id: '063283db11a6385f126fe2e03dbdfe7e') in 0.061972 seconds
  Import took 0.078968 seconds .

========================================================================
Received Import Request.
  Time since last request: 0.002912 seconds.
  path: Assets/Prefabs/Hero1.prefab
  artifactKey: Guid(d7956bb3049c1434d8baf40cfa15f13c) Importer(815301076,1909f56bfc062723c751e8b465ee728b)
Start importing Assets/Prefabs/Hero1.prefab using Guid(d7956bb3049c1434d8baf40cfa15f13c) Importer(815301076,1909f56bfc062723c751e8b465ee728b)  -> (artifact id: '063283db11a6385f126fe2e03dbdfe7e') in 0.054167 seconds
  Import took 0.068184 seconds .

========================================================================
Received Prepare
Registering precompiled user dll's ...
Registered in 0.006878 seconds.
Begin MonoManager ReloadAssembly
Native extension for WindowsStandalone target not found
Refreshing native plugins compatible for Editor in 0.73 ms, found 3 plugins.
Preloading 0 native plugins for Editor in 0.00 ms.
Invoked RoslynAnalysisRunner static constructor.
RoslynAnalysisRunner will not be running.
RoslynAnalysisRunner has terminated.
Mono: successfully reloaded assembly
- Completed reload, in  1.323 seconds
Platform modules already initialized, skipping
Refreshing native plugins compatible for Editor in 0.63 ms, found 3 plugins.
Preloading 0 native plugins for Editor in 0.00 ms.
Unloading 1837 Unused Serialized files (Serialized files now loaded: 0)
System memory in use before: 90.2 MB.
System memory in use after: 90.2 MB.

Unloading 29 unused Assets to reduce memory usage. Loaded Objects now: 2352.
Total: 3.475700 ms (FindLiveObjects: 0.425900 ms CreateObjectMapping: 0.180800 ms MarkObjects: 2.727700 ms  DeleteObjects: 0.138800 ms)

========================================================================
Received Prepare
Registering precompiled user dll's ...
Registered in 0.007797 seconds.
Begin MonoManager ReloadAssembly
Native extension for WindowsStandalone target not found
Refreshing native plugins compatible for Editor in 0.61 ms, found 3 plugins.
Preloading 0 native plugins for Editor in 0.00 ms.
Invoked RoslynAnalysisRunner static constructor.
RoslynAnalysisRunner will not be running.
RoslynAnalysisRunner has terminated.
Mono: successfully reloaded assembly
- Completed reload, in  1.261 seconds
Platform modules already initialized, skipping
Refreshing native plugins compatible for Editor in 0.79 ms, found 3 plugins.
Preloading 0 native plugins for Editor in 0.00 ms.
Unloading 1837 Unused Serialized files (Serialized files now loaded: 0)
System memory in use before: 90.2 MB.
System memory in use after: 90.2 MB.

Unloading 29 unused Assets to reduce memory usage. Loaded Objects now: 2356.
Total: 3.388300 ms (FindLiveObjects: 0.321400 ms CreateObjectMapping: 0.226100 ms MarkObjects: 2.614500 ms  DeleteObjects: 0.224400 ms)

========================================================================
Received Prepare
Registering precompiled user dll's ...
Registered in 0.006611 seconds.
Begin MonoManager ReloadAssembly
Native extension for WindowsStandalone target not found
Refreshing native plugins compatible for Editor in 1.01 ms, found 3 plugins.
Preloading 0 native plugins for Editor in 0.00 ms.
Invoked RoslynAnalysisRunner static constructor.
RoslynAnalysisRunner will not be running.
RoslynAnalysisRunner has terminated.
Mono: successfully reloaded assembly
- Completed reload, in  1.331 seconds
Platform modules already initialized, skipping
Refreshing native plugins compatible for Editor in 0.61 ms, found 3 plugins.
Preloading 0 native plugins for Editor in 0.00 ms.
Unloading 1837 Unused Serialized files (Serialized files now loaded: 0)
System memory in use before: 90.2 MB.
System memory in use after: 90.2 MB.

Unloading 29 unused Assets to reduce memory usage. Loaded Objects now: 2360.
Total: 2.850000 ms (FindLiveObjects: 0.295200 ms CreateObjectMapping: 0.117300 ms MarkObjects: 2.291300 ms  DeleteObjects: 0.144300 ms)

========================================================================
Received Import Request.
  Time since last request: 125.120312 seconds.
  path: Assets/Scripts/Map.cs
  artifactKey: Guid(9bcdd628593d57a4292086d8252fa55d) Importer(815301076,1909f56bfc062723c751e8b465ee728b)
Start importing Assets/Scripts/Map.cs using Guid(9bcdd628593d57a4292086d8252fa55d) Importer(815301076,1909f56bfc062723c751e8b465ee728b)  -> (artifact id: 'bb613ce3ee5d072e3d543c50276a97ec') in 0.009298 seconds
  Import took 0.014373 seconds .

========================================================================
Received Prepare
Registering precompiled user dll's ...
Registered in 0.006961 seconds.
Begin MonoManager ReloadAssembly
Native extension for WindowsStandalone target not found
Refreshing native plugins compatible for Editor in 0.50 ms, found 3 plugins.
Preloading 0 native plugins for Editor in 0.00 ms.
Invoked RoslynAnalysisRunner static constructor.
RoslynAnalysisRunner will not be running.
RoslynAnalysisRunner has terminated.
Mono: successfully reloaded assembly
- Completed reload, in  1.115 seconds
Platform modules already initialized, skipping
Refreshing native plugins compatible for Editor in 0.48 ms, found 3 plugins.
Preloading 0 native plugins for Editor in 0.00 ms.
Unloading 1837 Unused Serialized files (Serialized files now loaded: 0)
System memory in use before: 90.2 MB.
System memory in use after: 90.2 MB.

Unloading 29 unused Assets to reduce memory usage. Loaded Objects now: 2364.
Total: 2.369100 ms (FindLiveObjects: 0.217600 ms CreateObjectMapping: 0.103700 ms MarkObjects: 1.922900 ms  DeleteObjects: 0.123100 ms)

========================================================================
Received Import Request.
  Time since last request: 37.698721 seconds.
  path: Assets/Scripts/Map.cs
  artifactKey: Guid(9bcdd628593d57a4292086d8252fa55d) Importer(815301076,1909f56bfc062723c751e8b465ee728b)
Start importing Assets/Scripts/Map.cs using Guid(9bcdd628593d57a4292086d8252fa55d) Importer(815301076,1909f56bfc062723c751e8b465ee728b)  -> (artifact id: '73f47bddccf7c9cc834307d55f0de631') in 0.004760 seconds
  Import took 0.008126 seconds .

========================================================================
Received Prepare
Registering precompiled user dll's ...
Registered in 0.006944 seconds.
Begin MonoManager ReloadAssembly
Native extension for WindowsStandalone target not found
Refreshing native plugins compatible for Editor in 0.80 ms, found 3 plugins.
Preloading 0 native plugins for Editor in 0.00 ms.
Invoked RoslynAnalysisRunner static constructor.
RoslynAnalysisRunner will not be running.
RoslynAnalysisRunner has terminated.
Mono: successfully reloaded assembly
- Completed reload, in  1.346 seconds
Platform modules already initialized, skipping
Refreshing native plugins compatible for Editor in 0.59 ms, found 3 plugins.
Preloading 0 native plugins for Editor in 0.00 ms.
Unloading 1837 Unused Serialized files (Serialized files now loaded: 0)
System memory in use before: 90.2 MB.
System memory in use after: 90.2 MB.

Unloading 29 unused Assets to reduce memory usage. Loaded Objects now: 2368.
Total: 3.325200 ms (FindLiveObjects: 0.549700 ms CreateObjectMapping: 0.148000 ms MarkObjects: 2.482000 ms  DeleteObjects: 0.143400 ms)

========================================================================
Received Prepare
Registering precompiled user dll's ...
Registered in 0.007749 seconds.
Begin MonoManager ReloadAssembly
Native extension for WindowsStandalone target not found
Refreshing native plugins compatible for Editor in 0.51 ms, found 3 plugins.
Preloading 0 native plugins for Editor in 0.00 ms.
Invoked RoslynAnalysisRunner static constructor.
RoslynAnalysisRunner will not be running.
RoslynAnalysisRunner has terminated.
Mono: successfully reloaded assembly
- Completed reload, in  1.032 seconds
Platform modules already initialized, skipping
Refreshing native plugins compatible for Editor in 0.72 ms, found 3 plugins.
Preloading 0 native plugins for Editor in 0.00 ms.
Unloading 1837 Unused Serialized files (Serialized files now loaded: 0)
System memory in use before: 90.2 MB.
System memory in use after: 90.2 MB.

Unloading 29 unused Assets to reduce memory usage. Loaded Objects now: 2372.
Total: 2.436200 ms (FindLiveObjects: 0.242300 ms CreateObjectMapping: 0.100600 ms MarkObjects: 1.957200 ms  DeleteObjects: 0.134500 ms)

========================================================================
Received Prepare
Registering precompiled user dll's ...
Registered in 0.007272 seconds.
Begin MonoManager ReloadAssembly
Native extension for WindowsStandalone target not found
Refreshing native plugins compatible for Editor in 0.64 ms, found 3 plugins.
Preloading 0 native plugins for Editor in 0.00 ms.
Invoked RoslynAnalysisRunner static constructor.
RoslynAnalysisRunner will not be running.
RoslynAnalysisRunner has terminated.
Mono: successfully reloaded assembly
- Completed reload, in  1.357 seconds
Platform modules already initialized, skipping
Refreshing native plugins compatible for Editor in 0.85 ms, found 3 plugins.
Preloading 0 native plugins for Editor in 0.00 ms.
Unloading 1837 Unused Serialized files (Serialized files now loaded: 0)
System memory in use before: 90.3 MB.
System memory in use after: 90.2 MB.

Unloading 29 unused Assets to reduce memory usage. Loaded Objects now: 2376.
Total: 3.015800 ms (FindLiveObjects: 0.284500 ms CreateObjectMapping: 0.127500 ms MarkObjects: 2.425000 ms  DeleteObjects: 0.176800 ms)

========================================================================
Received Import Request.
  Time since last request: 198.809859 seconds.
  path: Assets/Prefabs/boostrune.prefab
  artifactKey: Guid(e7d83288b6049a44f93dcc21b52e4b94) Importer(815301076,1909f56bfc062723c751e8b465ee728b)
Start importing Assets/Prefabs/boostrune.prefab using Guid(e7d83288b6049a44f93dcc21b52e4b94) Importer(815301076,1909f56bfc062723c751e8b465ee728b)  -> (artifact id: '4b82ed5a12db0a2eb61bf9d3a7314175') in 0.073453 seconds
  Import took 0.077535 seconds .

========================================================================
Received Import Request.
  Time since last request: 6.054466 seconds.
  path: Assets/Prefabs/boostrune.prefab
  artifactKey: Guid(e7d83288b6049a44f93dcc21b52e4b94) Importer(815301076,1909f56bfc062723c751e8b465ee728b)
Start importing Assets/Prefabs/boostrune.prefab using Guid(e7d83288b6049a44f93dcc21b52e4b94) Importer(815301076,1909f56bfc062723c751e8b465ee728b)  -> (artifact id: '0e0528a535a7beb5b48821ad8795de15') in 0.012564 seconds
  Import took 0.016629 seconds .

========================================================================
Received Import Request.
  Time since last request: 0.014750 seconds.
  path: Assets/Prefabs/boostrune.prefab
  artifactKey: Guid(e7d83288b6049a44f93dcc21b52e4b94) Importer(815301076,1909f56bfc062723c751e8b465ee728b)
Start importing Assets/Prefabs/boostrune.prefab using Guid(e7d83288b6049a44f93dcc21b52e4b94) Importer(815301076,1909f56bfc062723c751e8b465ee728b)  -> (artifact id: '0e0528a535a7beb5b48821ad8795de15') in 0.012029 seconds
  Import took 0.016448 seconds .

========================================================================
Received Import Request.
  Time since last request: 3.792078 seconds.
  path: Assets/Prefabs/boostrune.prefab
  artifactKey: Guid(e7d83288b6049a44f93dcc21b52e4b94) Importer(815301076,1909f56bfc062723c751e8b465ee728b)
Start importing Assets/Prefabs/boostrune.prefab using Guid(e7d83288b6049a44f93dcc21b52e4b94) Importer(815301076,1909f56bfc062723c751e8b465ee728b)  -> (artifact id: '3dcf035433ecdb36134d829fcfd01410') in 0.011544 seconds
  Import took 0.016166 seconds .

========================================================================
Received Import Request.
  Time since last request: 0.015799 seconds.
  path: Assets/Prefabs/boostrune.prefab
  artifactKey: Guid(e7d83288b6049a44f93dcc21b52e4b94) Importer(815301076,1909f56bfc062723c751e8b465ee728b)
Start importing Assets/Prefabs/boostrune.prefab using Guid(e7d83288b6049a44f93dcc21b52e4b94) Importer(815301076,1909f56bfc062723c751e8b465ee728b)  -> (artifact id: '3dcf035433ecdb36134d829fcfd01410') in 0.010467 seconds
  Import took 0.014163 seconds .

========================================================================
Received Import Request.
  Time since last request: 8.664117 seconds.
  path: Assets/Prefabs/boostrune.prefab
  artifactKey: Guid(e7d83288b6049a44f93dcc21b52e4b94) Importer(815301076,1909f56bfc062723c751e8b465ee728b)
Start importing Assets/Prefabs/boostrune.prefab using Guid(e7d83288b6049a44f93dcc21b52e4b94) Importer(815301076,1909f56bfc062723c751e8b465ee728b)  -> (artifact id: '633d6e4b6a617e0d02a2e917a3957487') in 0.020431 seconds
  Import took 0.028436 seconds .

========================================================================
Received Import Request.
  Time since last request: 0.024801 seconds.
  path: Assets/Prefabs/boostrune.prefab
  artifactKey: Guid(e7d83288b6049a44f93dcc21b52e4b94) Importer(815301076,1909f56bfc062723c751e8b465ee728b)
Start importing Assets/Prefabs/boostrune.prefab using Guid(e7d83288b6049a44f93dcc21b52e4b94) Importer(815301076,1909f56bfc062723c751e8b465ee728b)  -> (artifact id: '633d6e4b6a617e0d02a2e917a3957487') in 0.020010 seconds
  Import took 0.025771 seconds .

========================================================================
Received Import Request.
  Time since last request: 2.630238 seconds.
  path: Assets/Prefabs/boostrune.prefab
  artifactKey: Guid(e7d83288b6049a44f93dcc21b52e4b94) Importer(815301076,1909f56bfc062723c751e8b465ee728b)
Start importing Assets/Prefabs/boostrune.prefab using Guid(e7d83288b6049a44f93dcc21b52e4b94) Importer(815301076,1909f56bfc062723c751e8b465ee728b)  -> (artifact id: '108d520fff939b3ea9108c55a98249df') in 0.022902 seconds
  Import took 0.033791 seconds .

========================================================================
Received Import Request.
  Time since last request: 0.032165 seconds.
  path: Assets/Prefabs/boostrune.prefab
  artifactKey: Guid(e7d83288b6049a44f93dcc21b52e4b94) Importer(815301076,1909f56bfc062723c751e8b465ee728b)
Start importing Assets/Prefabs/boostrune.prefab using Guid(e7d83288b6049a44f93dcc21b52e4b94) Importer(815301076,1909f56bfc062723c751e8b465ee728b)  -> (artifact id: '108d520fff939b3ea9108c55a98249df') in 0.025083 seconds
  Import took 0.035758 seconds .

========================================================================
Received Import Request.
  Time since last request: 9.387690 seconds.
  path: Assets/Prefabs/boostrune.prefab
  artifactKey: Guid(e7d83288b6049a44f93dcc21b52e4b94) Importer(815301076,1909f56bfc062723c751e8b465ee728b)
Start importing Assets/Prefabs/boostrune.prefab using Guid(e7d83288b6049a44f93dcc21b52e4b94) Importer(815301076,1909f56bfc062723c751e8b465ee728b)  -> (artifact id: '6f5120e4e6228143dfe5767509344914') in 0.013114 seconds
  Import took 0.017371 seconds .

========================================================================
Received Import Request.
  Time since last request: 0.016157 seconds.
  path: Assets/Prefabs/boostrune.prefab
  artifactKey: Guid(e7d83288b6049a44f93dcc21b52e4b94) Importer(815301076,1909f56bfc062723c751e8b465ee728b)
Start importing Assets/Prefabs/boostrune.prefab using Guid(e7d83288b6049a44f93dcc21b52e4b94) Importer(815301076,1909f56bfc062723c751e8b465ee728b)  -> (artifact id: '6f5120e4e6228143dfe5767509344914') in 0.013721 seconds
  Import took 0.018366 seconds .

========================================================================
Received Import Request.
  Time since last request: 3.556788 seconds.
  path: Assets/Prefabs/boostrune.prefab
  artifactKey: Guid(e7d83288b6049a44f93dcc21b52e4b94) Importer(815301076,1909f56bfc062723c751e8b465ee728b)
Start importing Assets/Prefabs/boostrune.prefab using Guid(e7d83288b6049a44f93dcc21b52e4b94) Importer(815301076,1909f56bfc062723c751e8b465ee728b)  -> (artifact id: '929cb48a2b35805f34ead780f2ea0343') in 0.020380 seconds
  Import took 0.027385 seconds .

========================================================================
Received Import Request.
  Time since last request: 0.016264 seconds.
  path: Assets/Prefabs/boostrune.prefab
  artifactKey: Guid(e7d83288b6049a44f93dcc21b52e4b94) Importer(815301076,1909f56bfc062723c751e8b465ee728b)
Start importing Assets/Prefabs/boostrune.prefab using Guid(e7d83288b6049a44f93dcc21b52e4b94) Importer(815301076,1909f56bfc062723c751e8b465ee728b)  -> (artifact id: '929cb48a2b35805f34ead780f2ea0343') in 0.015100 seconds
  Import took 0.021376 seconds .

========================================================================
Received Prepare
Registering precompiled user dll's ...
Registered in 0.008770 seconds.
Begin MonoManager ReloadAssembly
Native extension for WindowsStandalone target not found
Refreshing native plugins compatible for Editor in 0.63 ms, found 3 plugins.
Preloading 0 native plugins for Editor in 0.00 ms.
Invoked RoslynAnalysisRunner static constructor.
RoslynAnalysisRunner will not be running.
RoslynAnalysisRunner has terminated.
Mono: successfully reloaded assembly
- Completed reload, in  1.145 seconds
Platform modules already initialized, skipping
Refreshing native plugins compatible for Editor in 0.50 ms, found 3 plugins.
Preloading 0 native plugins for Editor in 0.00 ms.
Unloading 1837 Unused Serialized files (Serialized files now loaded: 0)
System memory in use before: 90.3 MB.
System memory in use after: 90.3 MB.

Unloading 29 unused Assets to reduce memory usage. Loaded Objects now: 2381.
Total: 2.400600 ms (FindLiveObjects: 0.206800 ms CreateObjectMapping: 0.080100 ms MarkObjects: 1.987600 ms  DeleteObjects: 0.125100 ms)

========================================================================
Received Prepare
Registering precompiled user dll's ...
Registered in 0.009990 seconds.
Begin MonoManager ReloadAssembly
Native extension for WindowsStandalone target not found
Refreshing native plugins compatible for Editor in 0.79 ms, found 3 plugins.
Preloading 0 native plugins for Editor in 0.00 ms.
Invoked RoslynAnalysisRunner static constructor.
RoslynAnalysisRunner will not be running.
RoslynAnalysisRunner has terminated.
Mono: successfully reloaded assembly
- Completed reload, in  1.294 seconds
Platform modules already initialized, skipping
Refreshing native plugins compatible for Editor in 0.60 ms, found 3 plugins.
Preloading 0 native plugins for Editor in 0.00 ms.
Unloading 1837 Unused Serialized files (Serialized files now loaded: 0)
System memory in use before: 90.3 MB.
System memory in use after: 90.3 MB.

Unloading 29 unused Assets to reduce memory usage. Loaded Objects now: 2385.
Total: 3.129100 ms (FindLiveObjects: 0.305700 ms CreateObjectMapping: 0.100800 ms MarkObjects: 2.543900 ms  DeleteObjects: 0.176500 ms)

========================================================================
Received Prepare
Registering precompiled user dll's ...
Registered in 0.006315 seconds.
Begin MonoManager ReloadAssembly
Native extension for WindowsStandalone target not found
Refreshing native plugins compatible for Editor in 0.57 ms, found 3 plugins.
Preloading 0 native plugins for Editor in 0.00 ms.
Invoked RoslynAnalysisRunner static constructor.
RoslynAnalysisRunner will not be running.
RoslynAnalysisRunner has terminated.
Mono: successfully reloaded assembly
- Completed reload, in  1.146 seconds
Platform modules already initialized, skipping
Refreshing native plugins compatible for Editor in 0.48 ms, found 3 plugins.
Preloading 0 native plugins for Editor in 0.00 ms.
Unloading 1837 Unused Serialized files (Serialized files now loaded: 0)
System memory in use before: 90.3 MB.
System memory in use after: 90.3 MB.

Unloading 29 unused Assets to reduce memory usage. Loaded Objects now: 2389.
Total: 2.718100 ms (FindLiveObjects: 0.257600 ms CreateObjectMapping: 0.114000 ms MarkObjects: 2.211300 ms  DeleteObjects: 0.133800 ms)

========================================================================
Received Import Request.
  Time since last request: 133.234167 seconds.
  path: Assets/Prefabs/boostrune.prefab
  artifactKey: Guid(e7d83288b6049a44f93dcc21b52e4b94) Importer(815301076,1909f56bfc062723c751e8b465ee728b)
Start importing Assets/Prefabs/boostrune.prefab using Guid(e7d83288b6049a44f93dcc21b52e4b94) Importer(815301076,1909f56bfc062723c751e8b465ee728b)  -> (artifact id: '655581cc321c801aa94d5bd484126c3f') in 0.057091 seconds
  Import took 0.060407 seconds .

========================================================================
Received Prepare
Registering precompiled user dll's ...
Registered in 0.006375 seconds.
Begin MonoManager ReloadAssembly
Native extension for WindowsStandalone target not found
Refreshing native plugins compatible for Editor in 0.49 ms, found 3 plugins.
Preloading 0 native plugins for Editor in 0.00 ms.
Invoked RoslynAnalysisRunner static constructor.
RoslynAnalysisRunner will not be running.
RoslynAnalysisRunner has terminated.
Mono: successfully reloaded assembly
- Completed reload, in  1.000 seconds
Platform modules already initialized, skipping
Refreshing native plugins compatible for Editor in 0.49 ms, found 3 plugins.
Preloading 0 native plugins for Editor in 0.00 ms.
Unloading 1837 Unused Serialized files (Serialized files now loaded: 0)
System memory in use before: 90.3 MB.
System memory in use after: 90.3 MB.

Unloading 29 unused Assets to reduce memory usage. Loaded Objects now: 2394.
Total: 2.309700 ms (FindLiveObjects: 0.196100 ms CreateObjectMapping: 0.080000 ms MarkObjects: 1.913000 ms  DeleteObjects: 0.119200 ms)

